env: load .env
env: export EXPO_PUBLIC_GOOGLE_ANDROID_CLIENT_ID EXPO_PUBLIC_GOOGLE_IOS_CLIENT_ID EXPO_PUBLIC_GOOGLE_WEB_CLIENT_ID
› Using --device 00008110-001C2D2E216B801E
Starting Metro Bundler

warning: Bundler cache is empty, rebuilding (this may take a minute)
| (node:44912) Warning: The 'NO_COLOR' env is ignored due to the 'FORCE_COLOR' env being set.
| (Use `node --trace-warnings ...` to show where the warning was created)
| (node:44912) Warning: The 'NO_COLOR' env is ignored due to the 'FORCE_COLOR' env being set.
| (Use `node --trace-warnings ...` to show where the warning was created)
| (node:44912) Warning: The 'NO_COLOR' env is ignored due to the 'FORCE_COLOR' env being set.
| (Use `node --trace-warnings ...` to show where the warning was created)
| (node:44912) Warning: The 'NO_COLOR' env is ignored due to the 'FORCE_COLOR' env being set.
| (Use `node --trace-warnings ...` to show where the warning was created)
| (node:44912) Warning: The 'NO_COLOR' env is ignored due to the 'FORCE_COLOR' env being set.
| (Use `node --trace-warnings ...` to show where the warning was created)
| (node:44912) Warning: The 'NO_COLOR' env is ignored due to the 'FORCE_COLOR' env being set.
| (Use `node --trace-warnings ...` to show where the warning was created)
| (node:44912) Warning: The 'NO_COLOR' env is ignored due to the 'FORCE_COLOR' env being set.
| (Use `node --trace-warnings ...` to show where the warning was created)
| (node:44912) Warning: The 'NO_COLOR' env is ignored due to the 'FORCE_COLOR' env being set.
| (Use `node --trace-warnings ...` to show where the warning was created)
iOS Bundled 2632ms index.ts (935 modules)
Writing bundle output to: /var/folders/dq/b2skypsx5kx2lmrfbmfrj0bw0000gn/T/cdovks4tkan/main.jsbundle
Copying 16 asset files
Done writing bundle output
› Auto signing app using team(s): CR75Y88295
› Planning build
› Executing react-native Pods/hermes-engine » [CP-User] [Hermes] Replace Hermes for the right configuration, if needed
› Executing react-native Pods/hermes-engine » [CP] Copy XCFrameworks
› Executing react-native Pods/ReactNativeDependencies » [CP-User] [RNDeps] Replace React Native Dependencies for the right configuration, if needed
› Executing react-native Pods/ReactNativeDependencies » [CP] Copy XCFrameworks
› Executing react-native Pods/React-Core-prebuilt » [CP-User] [RNCore] Replace React Native Core for the right configuration, if needed
› Executing react-native Pods/React-Core-prebuilt » [CP] Copy XCFrameworks
› Preparing Pods/React-Core-React-Core_privacy » ResourceBundle-React-Core_privacy-React-Core-Info.plist
› Preparing Pods/React-cxxreact-React-cxxreact_privacy » ResourceBundle-React-cxxreact_privacy-React-cxxreact-Info.plist
› Executing expo-modules-jsi Pods/ExpoModulesJSI » [CP-User] Build ExpoModulesJSI xcframework
› Executing expo-modules-jsi Pods/ExpoModulesJSI » [CP] Copy XCFrameworks
› Executing react-native Pods/React-RCTFBReactNativeSpec » [CP-User] [RN]Check FBReactNativeSpec
› Executing frontend Pods/ReactCodegen » [CP-User] Generate Specs
› Executing frontend Pods/ReactCodegen » [Expo] Remove duplicate codegen output
› Executing expo-modules-core Pods/ExpoModulesCore » [CP-User] [Expo] Resolve ExpoModulesCore dSYM source maps
› Executing expo-modules-core Pods/ExpoModulesCore » [CP-User] [Expo] Switch ExpoModulesCore XCFramework for build configuration
› Executing expo-modules-core Pods/ExpoModulesCore » [CP] Copy XCFrameworks
› Preparing Pods/EXApplication-ExpoApplication_privacy » ResourceBundle-ExpoApplication_privacy-EXApplication-Info.plist
› Preparing expo-constants Pods/EXConstants-EXConstants » ResourceBundle-EXConstants-EXConstants-Info.plist
› Preparing Pods/EXConstants-ExpoConstants_privacy » ResourceBundle-ExpoConstants_privacy-EXConstants-Info.plist
› Executing expo-constants Pods/EXConstants » [CP-User] Generate app.config for prebuilt Constants.manifest
› Preparing Pods/ExpoFileSystem-ExpoFileSystem_privacy » ResourceBundle-ExpoFileSystem_privacy-ExpoFileSystem-Info.plist
› Executing expo-file-system Pods/ExpoFileSystem » [CP-User] [Expo] Resolve ExpoFileSystem dSYM source maps
› Executing expo-file-system Pods/ExpoFileSystem » [CP-User] [Expo] Switch ExpoFileSystem XCFramework for build configuration
› Executing expo-file-system Pods/ExpoFileSystem » [CP] Copy XCFrameworks
› Executing expo-font Pods/ExpoFont » [CP-User] [Expo] Resolve ExpoFont dSYM source maps
› Executing expo-font Pods/ExpoFont » [CP-User] [Expo] Switch ExpoFont XCFramework for build configuration
› Executing expo-font Pods/ExpoFont » [CP] Copy XCFrameworks
› Preparing Pods/ExpoLocalization-ExpoLocalization_privacy » ResourceBundle-ExpoLocalization_privacy-ExpoLocalization-Info.plist
› Executing expo-modules-core Pods/ExpoModulesWorklets » [CP-User] [Expo] Resolve ExpoModulesWorklets dSYM source maps
› Executing expo-modules-core Pods/ExpoModulesWorklets » [CP-User] [Expo] Switch ExpoModulesWorklets XCFramework for build configuration
› Executing expo-modules-core Pods/ExpoModulesWorklets » [CP] Copy XCFrameworks
› Executing expo-application Pods/EXApplication » Copy generated compatibility header
› Executing expo-constants Pods/EXConstants » Copy generated compatibility header
› Executing expo Pods/Expo » Copy generated compatibility header
› Executing expo-asset Pods/ExpoAsset » Copy generated compatibility header
› Executing expo-crypto Pods/ExpoCrypto » Copy generated compatibility header
› Executing @expo/dom-webview Pods/ExpoDomWebView » Copy generated compatibility header
› Executing expo-haptics Pods/ExpoHaptics » Copy generated compatibility header
› Executing expo-keep-awake Pods/ExpoKeepAwake » Copy generated compatibility header
› Executing expo-linking Pods/ExpoLinking » Copy generated compatibility header
› Executing expo-localization Pods/ExpoLocalization » Copy generated compatibility header
› Executing @expo/log-box Pods/ExpoLogBox » Copy generated compatibility header
› Executing expo-secure-store Pods/ExpoSecureStore » Copy generated compatibility header
› Executing expo-web-browser Pods/ExpoWebBrowser » Copy generated compatibility header
› Executing react-native-screens Pods/RNScreens » Copy generated compatibility header
› Compiling Pods/Pods-ProjectPN » Pods-ProjectPN-dummy.m
› Packaging Pods/Pods-ProjectPN » libPods-ProjectPN.a
› Executing ProjectPN » [CP] Check Pods Manifest.lock
› Executing ProjectPN » [Expo] Configure project
› Preparing ProjectPN » Info.plist
› Compiling ProjectPN » ProjectPN_vers.c
› Linking   ProjectPN » ProjectPN

⚠️  (ios/ProjectPN.xcodeproj:)


ignoring duplicate libraries: '-lc++'
(warning truncated)
› Executing ProjectPN » Bundle React Native code and images
    Eager bundle does not match new options, bundling again.
› Executing ProjectPN » [CP] Copy Pods Resources
› Executing ProjectPN » [CP] Embed Pods Frameworks
› Generating debug ProjectPN » ProjectPN.app.dSYM
› Signing   ProjectPN » ProjectPN.app
› Build Succeeded

› 0 error(s), and 2 warning(s)

Starting Metro Bundler

Waiting on http://localhost:8081
› Installing /Users/hyungjuyu/Library/Developer/Xcode/DerivedData/ProjectPN-ggmneetyfmlyrkdyirultfwnvkqf/Build/Products/Release-iphoneos/ProjectPN.app
- GeneratingApplicationMap
✔ Complete 100%

› Logs for your project will appear below.
