[deploy] loading deploy/.deploy.env
[deploy] building project-pn-backend:cfdb6ed for linux/amd64
#0 building with "desktop-linux" instance using docker driver

#1 [internal] load build definition from Dockerfile
#1 transferring dockerfile: 581B done
#1 DONE 0.0s

#2 [internal] load metadata for docker.io/library/debian:bookworm-slim
#2 ...

#3 [internal] load metadata for docker.io/library/golang:1.26
#3 DONE 1.6s

#2 [internal] load metadata for docker.io/library/debian:bookworm-slim
#2 DONE 1.7s

#4 [internal] load .dockerignore
#4 transferring context: 132B done
#4 DONE 0.0s

#5 [runtime 1/5] FROM docker.io/library/debian:bookworm-slim@sha256:96e378d7e6531ac9a15ad505478fcc2e69f371b10f5cdf87857c4b8188404716
#5 resolve docker.io/library/debian:bookworm-slim@sha256:96e378d7e6531ac9a15ad505478fcc2e69f371b10f5cdf87857c4b8188404716 0.0s done
#5 DONE 0.0s

#6 [builder 1/7] FROM docker.io/library/golang:1.26@sha256:792443b89f65105abba56b9bd5e97f680a80074ac62fc844a584212f8c8102c3
#6 resolve docker.io/library/golang:1.26@sha256:792443b89f65105abba56b9bd5e97f680a80074ac62fc844a584212f8c8102c3 0.0s done
#6 DONE 0.0s

#7 [internal] load build context
#7 transferring context: 443.83kB 0.2s done
#7 DONE 0.3s

#8 [runtime 3/5] WORKDIR /app
#8 CACHED

#9 [builder 4/7] RUN go mod download
#9 CACHED

#10 [builder 5/7] COPY . .
#10 CACHED

#11 [builder 6/7] RUN go build -trimpath -ldflags="-s -w" -o /out/api ./cmd/api
#11 CACHED

#12 [runtime 4/5] COPY --from=builder /out/api /out/migrate ./
#12 CACHED

#13 [builder 2/7] WORKDIR /src
#13 CACHED

#14 [builder 7/7] RUN go build -trimpath -ldflags="-s -w" -o /out/migrate ./cmd/migrate
#14 CACHED

#15 [runtime 2/5] RUN apt-get update     && apt-get install -y --no-install-recommends ca-certificates     && rm -rf /var/lib/apt/lists/*
#15 CACHED

#16 [builder 3/7] COPY go.mod go.sum ./
#16 CACHED

#17 [runtime 5/5] COPY db/migrations ./db/migrations
#17 CACHED

#18 exporting to image
#18 exporting layers done
#18 exporting manifest sha256:4f441a413440753ab0e1670f0480f9de3a96a8f7a641e395b9fffd78e804255f done
#18 exporting config sha256:9a5c9a3828e0476e67e1022f81013db13114703b29c64a401aad0205f946c7d1 done
#18 exporting attestation manifest sha256:25076caa933a95dfddbd4c43db02f9304fe33ff8713456bcb70f18f0c9c1d024 done
#18 exporting manifest list sha256:d6e4d8d9f2608237ce00e089327a50e9bc11b888404c92a8e741aaacf021eb96 done
#18 naming to docker.io/library/project-pn-backend:cfdb6ed done
#18 DONE 0.0s
[deploy] tagging project-pn-backend:latest
[deploy] saving image to /var/folders/dq/b2skypsx5kx2lmrfbmfrj0bw0000gn/T//project-pn-backend-cfdb6ed.tar.gz
[deploy] building frontend web bundle

up to date, audited 526 packages in 2s

46 packages are looking for funding
  run `npm fund` for details

10 moderate severity vulnerabilities

To address issues that do not require attention, run:
  npm audit fix

To address all issues (including breaking changes), run:
  npm audit fix --force

Run `npm audit` for details.

> frontend@1.0.2 web:export
> expo export --platform web

env: load .env.production .env
env: export EXPO_PUBLIC_GOOGLE_ANDROID_CLIENT_ID EXPO_PUBLIC_GOOGLE_IOS_CLIENT_ID EXPO_PUBLIC_GOOGLE_WEB_CLIENT_ID EXPO_PUBLIC_API_FALLBACK_URLS
Starting Metro Bundler

Web Bundled 191ms index.ts (429 modules)

› Assets (12):
node_modules/@expo/vector-icons/build/vendor/react-native-vector-icons/Fonts/Ionicons.b4eb097d35f44ed943676fd56f6bdc51.ttf (390KB)
node_modules/@react-navigation/elements/lib/module/assets/back-icon-mask.0a328cd9c1afd0afe8e3b1ec5165b1b4.png (653B)
node_modules/@react-navigation/elements/lib/module/assets/back-icon.35ba0eaec5a4f5ed12ca16fabeae451d.png (207B)
node_modules/@react-navigation/elements/lib/module/assets/clear-icon.c94f6478e7ae0cdd9f15de1fcb9e5e55.png (4 variations | 425B)
node_modules/@react-navigation/elements/lib/module/assets/close-icon.808e1b1b9b53114ec2838071a7e6daa7.png (4 variations | 235B)
node_modules/@react-navigation/elements/lib/module/assets/search-icon.286d67d3f74808a60a78d3ebf1a5fb57.png (928B)

› web bundles (2):
_expo/static/js/web/index-5b06d8c5e5cfb8df737760fbcdf634fd.js (1.1MB)
_expo/static/js/web/index-7ade492c975dac30e25dc1d8d027b176.js (7.3KB)

› Files (3):
favicon.ico (15KB)
index.html (1.2KB)
metadata.json (49B)

Exported: dist
[deploy] creating remote deploy directories on zlUbuntu:~/project-pn/deploy
[deploy] uploading compose files, web bundle, and image
[deploy] loading image on remote server
Loaded image: project-pn-backend:cfdb6ed
Loaded image: project-pn-backend:latest
[deploy] checking remote .env
[deploy] syncing existing Postgres user password with remote .env
 Container project_pn_staging-postgres-1  Running
ALTER ROLE
[deploy] starting remote compose stack with BACKEND_IMAGE=project-pn-backend:cfdb6ed
 Container project_pn_staging-postgres-1  Running
 Container project_pn_staging-migrate-1  Recreate
 Container project_pn_staging-migrate-1  Recreated
 Container project_pn_staging-api-1  Recreate
 Container project_pn_staging-api-1  Recreated
 Container project_pn_staging-nginx-1  Running
 Container project_pn_staging-postgres-1  Waiting
 Container project_pn_staging-postgres-1  Healthy
 Container project_pn_staging-migrate-1  Starting
 Container project_pn_staging-migrate-1  Started
 Container project_pn_staging-migrate-1  Waiting
 Container project_pn_staging-migrate-1  Exited
 Container project_pn_staging-api-1  Starting
 Container project_pn_staging-api-1  Started
[deploy] checking remote /readyz
{"status":"ready"}
[deploy] deployed project-pn-backend:cfdb6ed
